app/build/outputs/logs/manifest-merger-release-report.txt
-- Merging decision tree log ---
manifest
ADDED from src\main\AndroidManifest.xml:2:1-225:12
	package
		ADDED from src\main\AndroidManifest.xml:3:5-40
		INJECTED from src\main\AndroidManifest.xml
		INJECTED from src\main\AndroidManifest.xml
	android:versionName
		INJECTED from src\main\AndroidManifest.xml
		INJECTED from src\main\AndroidManifest.xml
	xmlns:android
		ADDED from src\main\AndroidManifest.xml:2:11-69
	android:versionCode
		INJECTED from src\main\AndroidManifest.xml
		INJECTED from src\main\AndroidManifest.xml
permission#cn.chenhai.miaodj_monitor.permission.JPUSH_MESSAGE
ADDED from src\main\AndroidManifest.xml:6:5-121
	android:protectionLevel
		ADDED from src\main\AndroidManifest.xml:6:83-118
	android:name
		ADDED from src\main\AndroidManifest.xml:6:17-82
permission#android.permission.READ_EXTERNAL_STORAGE
ADDED from src\main\AndroidManifest.xml:8:5-74
	android:name
		ADDED from src\main\AndroidManifest.xml:8:17-72
uses-permission#android.permission.READ_EXTERNAL_STORAGE
ADDED from src\main\AndroidManifest.xml:9:5-79
MERGED from [MiaoDJ_Monitor:okhttputils:unspecified] AndroidManifest.xml:12:5-80
MERGED from [MiaoDJ_Monitor:okhttputils:unspecified] AndroidManifest.xml:12:5-80
MERGED from [MiaoDJ_Monitor:lib-zxing:unspecified] AndroidManifest.xml:19:5-80
	android:name
		ADDED from src\main\AndroidManifest.xml:9:22-77
permission#android.permission.CAMERA
ADDED from src\main\AndroidManifest.xml:10:5-59
	android:name
		ADDED from src\main\AndroidManifest.xml:10:17-57
uses-permission#android.permission.CAMERA
ADDED from src\main\AndroidManifest.xml:11:5-65
MERGED from [MiaoDJ_Monitor:lib-zxing:unspecified] AndroidManifest.xml:11:5-65
	android:name
		ADDED from src\main\AndroidManifest.xml:11:22-62
uses-permission#cn.chenhai.miaodj_monitor.permission.JPUSH_MESSAGE
ADDED from src\main\AndroidManifest.xml:14:5-90
	android:name
		ADDED from src\main\AndroidManifest.xml:14:22-87
uses-permission#android.permission.RECEIVE_USER_PRESENT
ADDED from src\main\AndroidManifest.xml:15:5-79
	android:name
		ADDED from src\main\AndroidManifest.xml:15:22-76
uses-permission#android.permission.INTERNET
ADDED from src\main\AndroidManifest.xml:16:5-67
MERGED from [MiaoDJ_Monitor:okhttputils:unspecified] AndroidManifest.xml:11:5-67
MERGED from [MiaoDJ_Monitor:okhttputils:unspecified] AndroidManifest.xml:11:5-67
MERGED from [MiaoDJ_Monitor:lib-zxing:unspecified] AndroidManifest.xml:20:5-67
	android:name
		ADDED from src\main\AndroidManifest.xml:16:22-64
uses-permission#android.permission.WAKE_LOCK
ADDED from src\main\AndroidManifest.xml:17:5-68
MERGED from [MiaoDJ_Monitor:lib-zxing:unspecified] AndroidManifest.xml:18:5-68
	android:name
		ADDED from src\main\AndroidManifest.xml:17:22-65
uses-permission#android.permission.READ_PHONE_STATE
ADDED from src\main\AndroidManifest.xml:18:5-75
	android:name
		ADDED from src\main\AndroidManifest.xml:18:22-72
uses-permission#android.permission.WRITE_EXTERNAL_STORAGE
ADDED from src\main\AndroidManifest.xml:19:5-81
MERGED from [MiaoDJ_Monitor:okhttputils:unspecified] AndroidManifest.xml:13:5-81
MERGED from [MiaoDJ_Monitor:okhttputils:unspecified] AndroidManifest.xml:13:5-81
	android:name
		ADDED from src\main\AndroidManifest.xml:19:22-78
uses-permission#android.permission.VIBRATE
ADDED from src\main\AndroidManifest.xml:20:5-66
MERGED from [MiaoDJ_Monitor:lib-zxing:unspecified] AndroidManifest.xml:17:5-66
	android:name
		ADDED from src\main\AndroidManifest.xml:20:22-63
uses-permission#android.permission.MOUNT_UNMOUNT_FILESYSTEMS
ADDED from src\main\AndroidManifest.xml:21:5-84
MERGED from [MiaoDJ_Monitor:okhttputils:unspecified] AndroidManifest.xml:14:5-84
MERGED from [MiaoDJ_Monitor:okhttputils:unspecified] AndroidManifest.xml:14:5-84
	android:name
		ADDED from src\main\AndroidManifest.xml:21:22-81
uses-permission#android.permission.ACCESS_NETWORK_STATE
ADDED from src\main\AndroidManifest.xml:22:5-79
	android:name
		ADDED from src\main\AndroidManifest.xml:22:22-76
uses-permission#android.permission.WRITE_SETTINGS
ADDED from src\main\AndroidManifest.xml:23:5-73
	android:name
		ADDED from src\main\AndroidManifest.xml:23:22-70
uses-permission#android.permission.ACCESS_COARSE_LOCATION
ADDED from src\main\AndroidManifest.xml:26:5-81
	android:name
		ADDED from src\main\AndroidManifest.xml:26:22-78
uses-permission#android.permission.ACCESS_WIFI_STATE
ADDED from src\main\AndroidManifest.xml:27:5-76
	android:name
		ADDED from src\main\AndroidManifest.xml:27:22-73
uses-permission#android.permission.CHANGE_WIFI_STATE
ADDED from src\main\AndroidManifest.xml:28:5-76
	android:name
		ADDED from src\main\AndroidManifest.xml:28:22-73
uses-permission#android.permission.ACCESS_FINE_LOCATION
ADDED from src\main\AndroidManifest.xml:29:5-79
	android:name
		ADDED from src\main\AndroidManifest.xml:29:22-76
uses-permission#android.permission.ACCESS_LOCATION_EXTRA_COMMANDS
ADDED from src\main\AndroidManifest.xml:30:5-89
	android:name
		ADDED from src\main\AndroidManifest.xml:30:22-86
uses-permission#android.permission.CHANGE_NETWORK_STATE
ADDED from src\main\AndroidManifest.xml:31:5-79
	android:name
		ADDED from src\main\AndroidManifest.xml:31:22-76
uses-permission#android.permission.CALL_PHONE
ADDED from src\main\AndroidManifest.xml:35:5-68
	android:name
		ADDED from src\main\AndroidManifest.xml:35:22-66
uses-permission#android.permission.READ_LOGS
ADDED from src\main\AndroidManifest.xml:36:5-67
	android:name
		ADDED from src\main\AndroidManifest.xml:36:22-65
application
ADDED from src\main\AndroidManifest.xml:38:5-223:19
MERGED from [com.android.support:appcompat-v7:23.4.0] AndroidManifest.xml:25:5-20
MERGED from [com.android.support:animated-vector-drawable:23.4.0] AndroidManifest.xml:7:5-20
MERGED from [com.android.support:support-vector-drawable:23.4.0] AndroidManifest.xml:7:5-20
MERGED from [com.android.support:support-v4:23.4.0] AndroidManifest.xml:22:5-20
MERGED from [com.android.support:support-v4:23.4.0] AndroidManifest.xml:22:5-20
MERGED from [com.android.support:support-vector-drawable:23.4.0] AndroidManifest.xml:7:5-20
MERGED from [com.android.support:support-v4:23.4.0] AndroidManifest.xml:22:5-20
MERGED from [com.android.support:design:23.4.0] AndroidManifest.xml:22:5-20
MERGED from [com.android.support:support-v4:23.4.0] AndroidManifest.xml:22:5-20
MERGED from [com.android.support:appcompat-v7:23.4.0] AndroidManifest.xml:25:5-20
MERGED from [com.android.support:animated-vector-drawable:23.4.0] AndroidManifest.xml:7:5-20
MERGED from [com.android.support:support-vector-drawable:23.4.0] AndroidManifest.xml:7:5-20
MERGED from [com.android.support:support-v4:23.4.0] AndroidManifest.xml:22:5-20
MERGED from [com.android.support:support-v4:23.4.0] AndroidManifest.xml:22:5-20
MERGED from [com.android.support:support-vector-drawable:23.4.0] AndroidManifest.xml:7:5-20
MERGED from [com.android.support:support-v4:23.4.0] AndroidManifest.xml:22:5-20
MERGED from [com.android.support:support-v4:23.4.0] AndroidManifest.xml:22:5-20
MERGED from [com.android.support:cardview-v7:23.4.0] AndroidManifest.xml:22:5-20
MERGED from [com.android.support:support-v4:23.4.0] AndroidManifest.xml:22:5-20
MERGED from [com.android.support:appcompat-v7:23.4.0] AndroidManifest.xml:25:5-20
MERGED from [com.android.support:animated-vector-drawable:23.4.0] AndroidManifest.xml:7:5-20
MERGED from [com.android.support:support-vector-drawable:23.4.0] AndroidManifest.xml:7:5-20
MERGED from [com.android.support:support-v4:23.4.0] AndroidManifest.xml:22:5-20
MERGED from [com.android.support:support-v4:23.4.0] AndroidManifest.xml:22:5-20
MERGED from [com.android.support:support-vector-drawable:23.4.0] AndroidManifest.xml:7:5-20
MERGED from [com.android.support:support-v4:23.4.0] AndroidManifest.xml:22:5-20
MERGED from [com.android.support:support-v4:23.4.0] AndroidManifest.xml:22:5-20
MERGED from [com.android.support:support-v4:23.4.0] AndroidManifest.xml:22:5-20
MERGED from [com.android.support:support-v4:23.4.0] AndroidManifest.xml:22:5-20
MERGED from [com.pnikosis:materialish-progress:1.7] AndroidManifest.xml:11:5-20
MERGED from [com.tbruyelle.rxpermissions:rxpermissions:0.7.0] AndroidManifest.xml:10:5-15:19
MERGED from [in.srain.cube:ptr-load-more:1.0.3] AndroidManifest.xml:11:5-20
MERGED from [com.afollestad.material-dialogs:core:0.8.5.9] AndroidManifest.xml:13:5-20
MERGED from [com.afollestad.material-dialogs:commons:0.8.5.9] AndroidManifest.xml:12:5-20
MERGED from [MiaoDJ_Monitor:toolslibrary:unspecified] AndroidManifest.xml:11:5-14:19
MERGED from [com.android.support:appcompat-v7:23.4.0] AndroidManifest.xml:25:5-20
MERGED from [com.android.support:animated-vector-drawable:23.4.0] AndroidManifest.xml:7:5-20
MERGED from [com.android.support:support-vector-drawable:23.4.0] AndroidManifest.xml:7:5-20
MERGED from [com.android.support:support-v4:23.4.0] AndroidManifest.xml:22:5-20
MERGED from [com.android.support:support-v4:23.4.0] AndroidManifest.xml:22:5-20
MERGED from [com.android.support:support-vector-drawable:23.4.0] AndroidManifest.xml:7:5-20
MERGED from [com.android.support:support-v4:23.4.0] AndroidManifest.xml:22:5-20
MERGED from [com.android.support:appcompat-v7:23.4.0] AndroidManifest.xml:25:5-20
MERGED from [com.android.support:animated-vector-drawable:23.4.0] AndroidManifest.xml:7:5-20
MERGED from [com.android.support:support-vector-drawable:23.4.0] AndroidManifest.xml:7:5-20
MERGED from [com.android.support:support-v4:23.4.0] AndroidManifest.xml:22:5-20
MERGED from [com.android.support:support-v4:23.4.0] AndroidManifest.xml:22:5-20
MERGED from [com.android.support:support-vector-drawable:23.4.0] AndroidManifest.xml:7:5-20
MERGED from [com.android.support:support-v4:23.4.0] AndroidManifest.xml:22:5-20
MERGED from [MiaoDJ_Monitor:fragmentation_swipeback:unspecified] AndroidManifest.xml:9:5-12:19
MERGED from [MiaoDJ_Monitor:fragmentation:unspecified] AndroidManifest.xml:9:5-12:19
MERGED from [com.android.support:support-v4:23.4.0] AndroidManifest.xml:22:5-20
MERGED from [com.android.support:appcompat-v7:23.4.0] AndroidManifest.xml:25:5-20
MERGED from [com.android.support:animated-vector-drawable:23.4.0] AndroidManifest.xml:7:5-20
MERGED from [com.android.support:support-vector-drawable:23.4.0] AndroidManifest.xml:7:5-20
MERGED from [com.android.support:support-v4:23.4.0] AndroidManifest.xml:22:5-20
MERGED from [com.android.support:support-v4:23.4.0] AndroidManifest.xml:22:5-20
MERGED from [com.android.support:support-vector-drawable:23.4.0] AndroidManifest.xml:7:5-20
MERGED from [com.android.support:support-v4:23.4.0] AndroidManifest.xml:22:5-20
MERGED from [com.android.support:appcompat-v7:23.4.0] AndroidManifest.xml:25:5-20
MERGED from [com.android.support:animated-vector-drawable:23.4.0] AndroidManifest.xml:7:5-20
MERGED from [com.android.support:support-vector-drawable:23.4.0] AndroidManifest.xml:7:5-20
MERGED from [com.android.support:support-v4:23.4.0] AndroidManifest.xml:22:5-20
MERGED from [com.android.support:support-v4:23.4.0] AndroidManifest.xml:22:5-20
MERGED from [com.android.support:support-vector-drawable:23.4.0] AndroidManifest.xml:7:5-20
MERGED from [com.android.support:support-v4:23.4.0] AndroidManifest.xml:22:5-20
MERGED from [com.android.support:support-v4:23.4.0] AndroidManifest.xml:22:5-20
MERGED from [com.flyco.tablayout:FlycoTabLayout_Lib:2.0.6] AndroidManifest.xml:11:5-14:19
MERGED from [MiaoDJ_Monitor:dialogs_library:unspecified] AndroidManifest.xml:11:5-20
MERGED from [com.pnikosis:materialish-progress:1.7] AndroidManifest.xml:11:5-20
MERGED from [MiaoDJ_Monitor:okhttpserver:unspecified] AndroidManifest.xml:11:5-13:19
MERGED from [MiaoDJ_Monitor:lib-zxing:unspecified] AndroidManifest.xml:22:5-29:19
MERGED from [com.android.support:appcompat-v7:23.4.0] AndroidManifest.xml:25:5-20
MERGED from [com.android.support:animated-vector-drawable:23.4.0] AndroidManifest.xml:7:5-20
MERGED from [com.android.support:support-vector-drawable:23.4.0] AndroidManifest.xml:7:5-20
MERGED from [com.android.support:support-v4:23.4.0] AndroidManifest.xml:22:5-20
MERGED from [com.android.support:support-v4:23.4.0] AndroidManifest.xml:22:5-20
MERGED from [com.android.support:support-vector-drawable:23.4.0] AndroidManifest.xml:7:5-20
MERGED from [com.android.support:support-v4:23.4.0] AndroidManifest.xml:22:5-20
MERGED from [com.android.support:support-v4:23.4.0] AndroidManifest.xml:22:5-20
MERGED from [com.android.support:support-v4:23.4.0] AndroidManifest.xml:22:5-20
MERGED from [com.android.support:appcompat-v7:23.4.0] AndroidManifest.xml:25:5-20
MERGED from [com.android.support:animated-vector-drawable:23.4.0] AndroidManifest.xml:7:5-20
MERGED from [com.android.support:support-vector-drawable:23.4.0] AndroidManifest.xml:7:5-20
MERGED from [com.android.support:support-v4:23.4.0] AndroidManifest.xml:22:5-20
MERGED from [com.android.support:support-v4:23.4.0] AndroidManifest.xml:22:5-20
MERGED from [com.android.support:support-vector-drawable:23.4.0] AndroidManifest.xml:7:5-20
MERGED from [com.android.support:support-v4:23.4.0] AndroidManifest.xml:22:5-20
MERGED from [com.android.support:design:23.4.0] AndroidManifest.xml:22:5-20
MERGED from [com.android.support:support-v4:23.4.0] AndroidManifest.xml:22:5-20
MERGED from [com.android.support:appcompat-v7:23.4.0] AndroidManifest.xml:25:5-20
MERGED from [com.android.support:animated-vector-drawable:23.4.0] AndroidManifest.xml:7:5-20
MERGED from [com.android.support:support-vector-drawable:23.4.0] AndroidManifest.xml:7:5-20
MERGED from [com.android.support:support-v4:23.4.0] AndroidManifest.xml:22:5-20
MERGED from [com.android.support:support-v4:23.4.0] AndroidManifest.xml:22:5-20
MERGED from [com.android.support:support-vector-drawable:23.4.0] AndroidManifest.xml:7:5-20
MERGED from [com.android.support:support-v4:23.4.0] AndroidManifest.xml:22:5-20
MERGED from [com.android.support:support-v4:23.4.0] AndroidManifest.xml:22:5-20
MERGED from [com.android.support:support-v4:23.4.0] AndroidManifest.xml:22:5-20
	android:label
		ADDED from src\main\AndroidManifest.xml:42:9-41
	android:supportsRtl
		ADDED from [MiaoDJ_Monitor:fragmentation_swipeback:unspecified] AndroidManifest.xml:11:9-35
	android:allowBackup
		ADDED from src\main\AndroidManifest.xml:40:9-35
	android:icon
		ADDED from src\main\AndroidManifest.xml:41:9-39
	android:theme
		ADDED from src\main\AndroidManifest.xml:43:9-41
	android:name
		ADDED from src\main\AndroidManifest.xml:39:9-38
meta-data#design_width
ADDED from src\main\AndroidManifest.xml:45:9-46:21
	android:value
		ADDED from src\main\AndroidManifest.xml:45:48-67
	android:name
		ADDED from src\main\AndroidManifest.xml:45:20-47
meta-data#design_height
ADDED from src\main\AndroidManifest.xml:47:9-48:21
	android:value
		ADDED from src\main\AndroidManifest.xml:47:49-69
	android:name
		ADDED from src\main\AndroidManifest.xml:47:20-48
meta-data#MODEL
ADDED from src\main\AndroidManifest.xml:50:9-53:15
	android:value
		ADDED from src\main\AndroidManifest.xml:52:13-70
	android:name
		ADDED from src\main\AndroidManifest.xml:51:13-33
activity#cn.chenhai.miaodj_monitor.views.activity.LaunchActivity
ADDED from src\main\AndroidManifest.xml:57:9-66:20
	android:screenOrientation
		ADDED from src\main\AndroidManifest.xml:60:13-49
	android:label
		ADDED from src\main\AndroidManifest.xml:59:13-45
	android:theme
		ADDED from src\main\AndroidManifest.xml:61:13-47
	android:name
		ADDED from src\main\AndroidManifest.xml:57:19-64
intent-filter#android.intent.action.MAIN+android.intent.category.LAUNCHER
ADDED from src\main\AndroidManifest.xml:62:13-65:29
action#android.intent.action.MAIN
ADDED from src\main\AndroidManifest.xml:63:17-69
	android:name
		ADDED from src\main\AndroidManifest.xml:63:25-66
category#android.intent.category.LAUNCHER
ADDED from src\main\AndroidManifest.xml:64:17-77
	android:name
		ADDED from src\main\AndroidManifest.xml:64:27-74
activity#cn.chenhai.miaodj_monitor.account.UserAccountActivity
ADDED from src\main\AndroidManifest.xml:68:9-74:20
	android:label
		ADDED from src\main\AndroidManifest.xml:70:13-45
	android:launchMode
		ADDED from src\main\AndroidManifest.xml:71:13-43
	android:windowSoftInputMode
		ADDED from src\main\AndroidManifest.xml:72:13-54
	android:name
		ADDED from src\main\AndroidManifest.xml:69:13-56
activity#cn.chenhai.miaodj_monitor.views.activity.MainActivity
ADDED from src\main\AndroidManifest.xml:76:9-81:20
	android:screenOrientation
		ADDED from src\main\AndroidManifest.xml:79:13-49
	android:launchMode
		ADDED from src\main\AndroidManifest.xml:78:13-43
	android:windowSoftInputMode
		ADDED from src\main\AndroidManifest.xml:80:13-52
	android:name
		ADDED from src\main\AndroidManifest.xml:77:13-56
activity#cn.chenhai.miaodj_monitor.views.activity.DetailActivity
ADDED from src\main\AndroidManifest.xml:83:9-88:20
	android:screenOrientation
		ADDED from src\main\AndroidManifest.xml:86:13-49
	android:windowSoftInputMode
		ADDED from src\main\AndroidManifest.xml:87:13-52
	android:name
		ADDED from src\main\AndroidManifest.xml:84:13-58
activity#cn.chenhai.miaodj_monitor.views.activity.PersonalActivity
ADDED from src\main\AndroidManifest.xml:90:9-99:20
	android:screenOrientation
		ADDED from src\main\AndroidManifest.xml:93:13-49
	android:windowSoftInputMode
		ADDED from src\main\AndroidManifest.xml:94:13-52
	android:name
		ADDED from src\main\AndroidManifest.xml:91:13-60
intent-filter#jpush.testAction+jpush.testCategory
ADDED from src\main\AndroidManifest.xml:95:13-98:29
action#jpush.testAction
ADDED from src\main\AndroidManifest.xml:96:17-59
	android:name
		ADDED from src\main\AndroidManifest.xml:96:25-56
category#jpush.testCategory
ADDED from src\main\AndroidManifest.xml:97:17-63
	android:name
		ADDED from src\main\AndroidManifest.xml:97:27-60
activity#cn.chenhai.miaodj_monitor.views.activityPhoto.ClipImageActivity
ADDED from src\main\AndroidManifest.xml:101:9-106:20
	android:screenOrientation
		ADDED from src\main\AndroidManifest.xml:104:13-49
	android:launchMode
		ADDED from src\main\AndroidManifest.xml:103:13-43
	android:windowSoftInputMode
		ADDED from src\main\AndroidManifest.xml:105:13-52
	android:name
		ADDED from src\main\AndroidManifest.xml:102:13-66
activity#cn.chenhai.miaodj_monitor.views.preview.ImagePreviewActivity
ADDED from src\main\AndroidManifest.xml:108:9-110:74
	android:theme
		ADDED from src\main\AndroidManifest.xml:110:13-72
	android:name
		ADDED from src\main\AndroidManifest.xml:109:13-63
activity#me.iwf.photopicker.PhotoPickerActivity
ADDED from src\main\AndroidManifest.xml:112:9-115:15
	android:theme
		ADDED from src\main\AndroidManifest.xml:113:13-47
	android:name
		ADDED from src\main\AndroidManifest.xml:114:13-66
activity#me.iwf.photopicker.PhotoPagerActivity
ADDED from src\main\AndroidManifest.xml:117:9-120:15
	android:theme
		ADDED from src\main\AndroidManifest.xml:118:13-63
	android:name
		ADDED from src\main\AndroidManifest.xml:119:13-65
service#cn.jpush.android.service.PushService
ADDED from src\main\AndroidManifest.xml:128:9-138:19
	android:enabled
		ADDED from src\main\AndroidManifest.xml:130:13-35
	android:exported
		ADDED from src\main\AndroidManifest.xml:131:13-37
	android:name
		ADDED from src\main\AndroidManifest.xml:129:13-64
intent-filter#cn.jpush.android.intent.PUSH_TIME+cn.jpush.android.intent.PushService+cn.jpush.android.intent.REGISTER+cn.jpush.android.intent.REPORT
ADDED from src\main\AndroidManifest.xml:132:13-137:29
action#cn.jpush.android.intent.REGISTER
ADDED from src\main\AndroidManifest.xml:133:17-75
	android:name
		ADDED from src\main\AndroidManifest.xml:133:25-72
action#cn.jpush.android.intent.REPORT
ADDED from src\main\AndroidManifest.xml:134:17-73
	android:name
		ADDED from src\main\AndroidManifest.xml:134:25-70
action#cn.jpush.android.intent.PushService
ADDED from src\main\AndroidManifest.xml:135:17-78
	android:name
		ADDED from src\main\AndroidManifest.xml:135:25-75
action#cn.jpush.android.intent.PUSH_TIME
ADDED from src\main\AndroidManifest.xml:136:17-76
	android:name
		ADDED from src\main\AndroidManifest.xml:136:25-73
service#cn.jpush.android.service.DaemonService
ADDED from src\main\AndroidManifest.xml:142:9-150:19
	android:enabled
		ADDED from src\main\AndroidManifest.xml:144:13-35
	android:exported
		ADDED from src\main\AndroidManifest.xml:145:13-36
	android:name
		ADDED from src\main\AndroidManifest.xml:143:13-66
intent-filter#cn.chenhai.miaodj_monitor+cn.jpush.android.intent.DaemonService
ADDED from src\main\AndroidManifest.xml:146:13-149:29
action#cn.jpush.android.intent.DaemonService
ADDED from src\main\AndroidManifest.xml:147:17-80
	android:name
		ADDED from src\main\AndroidManifest.xml:147:25-77
category#cn.chenhai.miaodj_monitor
ADDED from src\main\AndroidManifest.xml:148:17-69
	android:name
		ADDED from src\main\AndroidManifest.xml:148:27-67
receiver#cn.jpush.android.service.PushReceiver
ADDED from src\main\AndroidManifest.xml:153:9-170:20
	android:enabled
		ADDED from src\main\AndroidManifest.xml:155:13-35
	android:name
		ADDED from src\main\AndroidManifest.xml:154:13-65
intent-filter#cn.chenhai.miaodj_monitor+cn.jpush.android.intent.NOTIFICATION_RECEIVED_PROXY
ADDED from src\main\AndroidManifest.xml:156:13-159:29
	android:priority
		ADDED from src\main\AndroidManifest.xml:156:28-51
action#cn.jpush.android.intent.NOTIFICATION_RECEIVED_PROXY
ADDED from src\main\AndroidManifest.xml:157:17-94
	android:name
		ADDED from src\main\AndroidManifest.xml:157:25-91
intent-filter#android.intent.action.USER_PRESENT+android.net.conn.CONNECTIVITY_CHANGE
ADDED from src\main\AndroidManifest.xml:160:13-163:29
action#android.intent.action.USER_PRESENT
ADDED from src\main\AndroidManifest.xml:161:17-77
	android:name
		ADDED from src\main\AndroidManifest.xml:161:25-74
action#android.net.conn.CONNECTIVITY_CHANGE
ADDED from src\main\AndroidManifest.xml:162:17-79
	android:name
		ADDED from src\main\AndroidManifest.xml:162:25-76
intent-filter#android.intent.action.PACKAGE_ADDED+android.intent.action.PACKAGE_REMOVED
ADDED from src\main\AndroidManifest.xml:165:13-169:29
action#android.intent.action.PACKAGE_ADDED
ADDED from src\main\AndroidManifest.xml:166:17-78
	android:name
		ADDED from src\main\AndroidManifest.xml:166:25-75
action#android.intent.action.PACKAGE_REMOVED
ADDED from src\main\AndroidManifest.xml:167:17-80
	android:name
		ADDED from src\main\AndroidManifest.xml:167:25-77
data
ADDED from src\main\AndroidManifest.xml:168:17-50
	android:scheme
		ADDED from src\main\AndroidManifest.xml:168:23-47
activity#cn.jpush.android.ui.PushActivity
ADDED from src\main\AndroidManifest.xml:172:9-181:20
	android:exported
		ADDED from src\main\AndroidManifest.xml:175:13-37
	android:configChanges
		ADDED from src\main\AndroidManifest.xml:174:13-63
	android:name
		ADDED from src\main\AndroidManifest.xml:173:13-60
intent-filter#android.intent.category.DEFAULT+cn.chenhai.miaodj_monitor+cn.jpush.android.ui.PushActivity
ADDED from src\main\AndroidManifest.xml:176:13-180:29
action#cn.jpush.android.ui.PushActivity
ADDED from src\main\AndroidManifest.xml:177:17-75
	android:name
		ADDED from src\main\AndroidManifest.xml:177:25-72
category#android.intent.category.DEFAULT
ADDED from src\main\AndroidManifest.xml:178:17-76
	android:name
		ADDED from src\main\AndroidManifest.xml:178:27-73
service#cn.jpush.android.service.DownloadService
ADDED from src\main\AndroidManifest.xml:183:9-187:19
	android:enabled
		ADDED from src\main\AndroidManifest.xml:185:13-35
	android:exported
		ADDED from src\main\AndroidManifest.xml:186:13-37
	android:name
		ADDED from src\main\AndroidManifest.xml:184:13-68
receiver#cn.jpush.android.service.AlarmReceiver
ADDED from src\main\AndroidManifest.xml:189:9-75
	android:name
		ADDED from src\main\AndroidManifest.xml:189:19-72
receiver#cn.chenhai.miaodj_monitor.MyReceiver
ADDED from src\main\AndroidManifest.xml:192:9-210:20
	android:enabled
		ADDED from src\main\AndroidManifest.xml:194:13-35
	android:name
		ADDED from src\main\AndroidManifest.xml:193:13-39
intent-filter#cn.chenhai.miaodj_monitor+cn.jpush.android.intent.ACTION_RICHPUSH_CALLBACK+cn.jpush.android.intent.CONNECTION+cn.jpush.android.intent.MESSAGE_RECEIVED+cn.jpush.android.intent.NOTIFICATION_OPENED+cn.jpush.android.intent.NOTIFICATION_RECEIVED+cn.jpush.android.intent.REGISTRATION
ADDED from src\main\AndroidManifest.xml:195:13-209:29
action#cn.jpush.android.intent.REGISTRATION
ADDED from src\main\AndroidManifest.xml:197:17-79
	android:name
		ADDED from src\main\AndroidManifest.xml:197:25-76
action#cn.jpush.android.intent.MESSAGE_RECEIVED
ADDED from src\main\AndroidManifest.xml:199:17-83
	android:name
		ADDED from src\main\AndroidManifest.xml:199:25-80
action#cn.jpush.android.intent.NOTIFICATION_RECEIVED
ADDED from src\main\AndroidManifest.xml:201:17-88
	android:name
		ADDED from src\main\AndroidManifest.xml:201:25-85
action#cn.jpush.android.intent.NOTIFICATION_OPENED
ADDED from src\main\AndroidManifest.xml:203:17-86
	android:name
		ADDED from src\main\AndroidManifest.xml:203:25-83
action#cn.jpush.android.intent.ACTION_RICHPUSH_CALLBACK
ADDED from src\main\AndroidManifest.xml:205:17-91
	android:name
		ADDED from src\main\AndroidManifest.xml:205:25-88
action#cn.jpush.android.intent.CONNECTION
ADDED from src\main\AndroidManifest.xml:207:17-77
	android:name
		ADDED from src\main\AndroidManifest.xml:207:25-74
meta-data#JPUSH_CHANNEL
ADDED from src\main\AndroidManifest.xml:218:9-84
	android:value
		ADDED from src\main\AndroidManifest.xml:218:49-82
	android:name
		ADDED from src\main\AndroidManifest.xml:218:20-48
meta-data#JPUSH_APPKEY
ADDED from src\main\AndroidManifest.xml:220:9-90
	android:value
		ADDED from src\main\AndroidManifest.xml:220:48-88
	android:name
		ADDED from src\main\AndroidManifest.xml:220:20-47
uses-sdk
INJECTED from src\main\AndroidManifest.xml reason: use-sdk injection requested
MERGED from [com.android.support:appcompat-v7:23.4.0] AndroidManifest.xml:21:5-23:78
MERGED from [com.android.support:animated-vector-drawable:23.4.0] AndroidManifest.xml:5:5-44
MERGED from [com.android.support:support-vector-drawable:23.4.0] AndroidManifest.xml:5:5-43
MERGED from [com.android.support:support-v4:23.4.0] AndroidManifest.xml:20:5-43
MERGED from [com.android.support:support-v4:23.4.0] AndroidManifest.xml:20:5-43
MERGED from [com.android.support:support-vector-drawable:23.4.0] AndroidManifest.xml:5:5-43
MERGED from [com.android.support:support-v4:23.4.0] AndroidManifest.xml:20:5-43
MERGED from [com.android.support:design:23.4.0] AndroidManifest.xml:20:5-43
MERGED from [com.android.support:recyclerview-v7:23.4.0] AndroidManifest.xml:20:5-43
MERGED from [com.android.support:support-v4:23.4.0] AndroidManifest.xml:20:5-43
MERGED from [com.android.support:appcompat-v7:23.4.0] AndroidManifest.xml:21:5-23:78
MERGED from [com.android.support:animated-vector-drawable:23.4.0] AndroidManifest.xml:5:5-44
MERGED from [com.android.support:support-vector-drawable:23.4.0] AndroidManifest.xml:5:5-43
MERGED from [com.android.support:support-v4:23.4.0] AndroidManifest.xml:20:5-43
MERGED from [com.android.support:support-v4:23.4.0] AndroidManifest.xml:20:5-43
MERGED from [com.android.support:support-vector-drawable:23.4.0] AndroidManifest.xml:5:5-43
MERGED from [com.android.support:support-v4:23.4.0] AndroidManifest.xml:20:5-43
MERGED from [com.android.support:support-v4:23.4.0] AndroidManifest.xml:20:5-43
MERGED from [com.android.support:cardview-v7:23.4.0] AndroidManifest.xml:20:5-43
MERGED from [com.android.support:recyclerview-v7:23.4.0] AndroidManifest.xml:20:5-43
MERGED from [com.android.support:support-v4:23.4.0] AndroidManifest.xml:20:5-43
MERGED from [com.google.android:flexbox:0.1.3] AndroidManifest.xml:23:5-25:41
MERGED from [com.android.support:appcompat-v7:23.4.0] AndroidManifest.xml:21:5-23:78
MERGED from [com.android.support:animated-vector-drawable:23.4.0] AndroidManifest.xml:5:5-44
MERGED from [com.android.support:support-vector-drawable:23.4.0] AndroidManifest.xml:5:5-43
MERGED from [com.android.support:support-v4:23.4.0] AndroidManifest.xml:20:5-43
MERGED from [com.android.support:support-v4:23.4.0] AndroidManifest.xml:20:5-43
MERGED from [com.android.support:support-vector-drawable:23.4.0] AndroidManifest.xml:5:5-43
MERGED from [com.android.support:support-v4:23.4.0] AndroidManifest.xml:20:5-43
MERGED from [com.facebook.fresco:fresco:0.10.0] AndroidManifest.xml:5:5-7:41
MERGED from [com.facebook.fresco:drawee:0.10.0] AndroidManifest.xml:5:5-7:41
MERGED from [com.android.support:support-v4:23.4.0] AndroidManifest.xml:20:5-43
MERGED from [com.facebook.fresco:fbcore:0.10.0] AndroidManifest.xml:5:5-7:41
MERGED from [com.facebook.fresco:fbcore:0.10.0] AndroidManifest.xml:5:5-7:41
MERGED from [com.facebook.fresco:imagepipeline:0.10.0] AndroidManifest.xml:5:5-7:41
MERGED from [com.android.support:support-v4:23.4.0] AndroidManifest.xml:20:5-43
MERGED from [com.facebook.fresco:fbcore:0.10.0] AndroidManifest.xml:5:5-7:41
MERGED from [com.facebook.fresco:imagepipeline-base:0.10.0] AndroidManifest.xml:5:5-7:41
MERGED from [com.android.support:support-v4:23.4.0] AndroidManifest.xml:20:5-43
MERGED from [com.facebook.fresco:fbcore:0.10.0] AndroidManifest.xml:5:5-7:41
MERGED from [com.pnikosis:materialish-progress:1.7] AndroidManifest.xml:7:5-9:41
MERGED from [io.reactivex:rxandroid:1.1.0] AndroidManifest.xml:19:5-43
MERGED from [com.jakewharton:butterknife:8.1.0] AndroidManifest.xml:5:5-43
MERGED from [com.tbruyelle.rxpermissions:rxpermissions:0.7.0] AndroidManifest.xml:6:5-8:41
MERGED from [in.srain.cube:ptr-load-more:1.0.3] AndroidManifest.xml:7:5-9:41
MERGED from [in.srain.cube:cube-sdk:1.0.44] AndroidManifest.xml:7:5-9:41
MERGED from [com.afollestad.material-dialogs:core:0.8.5.9] AndroidManifest.xml:8:5-11:75
MERGED from [com.afollestad.material-dialogs:commons:0.8.5.9] AndroidManifest.xml:8:5-10:41
MERGED from [MiaoDJ_Monitor:toolslibrary:unspecified] AndroidManifest.xml:7:5-9:41
MERGED from [com.android.support:appcompat-v7:23.4.0] AndroidManifest.xml:21:5-23:78
MERGED from [com.android.support:animated-vector-drawable:23.4.0] AndroidManifest.xml:5:5-44
MERGED from [com.android.support:support-vector-drawable:23.4.0] AndroidManifest.xml:5:5-43